<?xml version="1.0" encoding="UTF-8"?>
<testsuite xmlns:xsi="http://www.w3.org/2001/XMLSchema-instance" xsi:noNamespaceSchemaLocation="https://maven.apache.org/surefire/maven-surefire-plugin/xsd/surefire-test-report-3.0.xsd" version="3.0" name="org.apache.knox.mcp.McpServerConnectionTest" time="0.101" tests="5" errors="0" skipped="0" failures="0">
  <properties>
[...]
</properties>
  <testcase name="testOperationsWhenDisconnected" classname="org.apache.knox.mcp.McpServerConnectionTest" time="0.085"/>
  <testcase name="testConnectionProperties" classname="org.apache.knox.mcp.McpServerConnectionTest" time="0.001"/>
  <testcase name="testDisconnectWhenNotConnected" classname="org.apache.knox.mcp.McpServerConnectionTest" time="0.001"/>
  <testcase name="testInvalidEndpoint" classname="org.apache.knox.mcp.McpServerConnectionTest" time="0.0"/>
  <testcase name="testInitialState" classname="org.apache.knox.mcp.McpServerConnectionTest" time="0.001"/>
</testsuite>